#
# There is insufficient memory for the Java Runtime Environment to continue.
# Native memory allocation (malloc) failed to allocate 1412016 bytes for Chunk::new
# Possible reasons:
#   The system is out of physical RAM or swap space
#   The process is running with CompressedOops enabled, and the Java Heap may be blocking the growth of the native heap
# Possible solutions:
#   Reduce memory load on the system
#   Increase physical memory or swap space
#   Check if swap backing store is full
#   Decrease Java heap size (-Xmx/-Xms)
#   Decrease number of Java threads
#   Decrease Java thread stack sizes (-Xss)
#   Set larger code cache with -XX:ReservedCodeCacheSize=
#   JVM is running with Unscaled Compressed Oops mode in which the Java heap is
#     placed in the first 4GB address space. The Java Heap base address is the
#     maximum limit for the native heap growth. Please use -XX:HeapBaseMinAddress
#     to set the Java Heap base and to place the Java Heap above 4GB virtual address.
# This output file may be truncated or incomplete.
#
#  Out of Memory Error (t:/workspace/open/src/hotspot/share/memory/arena.cpp:197), pid=13556, tid=8244
#
# JRE version: OpenJDK Runtime Environment (11.0+28) (build 11+28)
# Java VM: OpenJDK 64-Bit Server VM (11+28, mixed mode, tiered, compressed oops, g1 gc, windows-amd64)
# No core dump will be written. Minidumps are not enabled by default on client versions of Windows
#

---------------  S U M M A R Y ------------

Command Line: --add-opens=java.base/java.util=ALL-UNNAMED --add-opens=java.base/java.lang=ALL-UNNAMED --add-opens=java.base/java.lang.invoke=ALL-UNNAMED --add-opens=java.base/java.util=ALL-UNNAMED --add-opens=java.prefs/java.util.prefs=ALL-UNNAMED --add-opens=java.prefs/java.util.prefs=ALL-UNNAMED --add-opens=java.base/java.nio.charset=ALL-UNNAMED --add-opens=java.base/java.net=ALL-UNNAMED --add-opens=java.base/java.util.concurrent.atomic=ALL-UNNAMED -XX:MaxMetaspaceSize=256m -XX:+HeapDumpOnOutOfMemoryError -Xms256m -Xmx512m -Dfile.encoding=UTF-8 -Duser.country=RU -Duser.language=ru -Duser.variant org.gradle.launcher.daemon.bootstrap.GradleDaemon 7.4.2

Host: Intel(R) Pentium(R) CPU G4560 @ 3.50GHz, 4 cores, 14G,  Windows 10 , 64 bit Build 19041 (10.0.19041.1645)
Time: Sun Apr 24 11:20:17 2022 RTZ 2 (зима) elapsed time: 515 seconds (0d 0h 8m 35s)

---------------  T H R E A D  ---------------

Current thread (0x000002024b9fa800):  JavaThread "C2 CompilerThread0" daemon [_thread_in_native, id=8244, stack(0x0000001eb2600000,0x0000001eb2700000)]


Current CompileTask:
C2: 515378 12172       4       org.gradle.internal.service.DefaultServiceRegistry$SingletonService::get (5 bytes)

Stack: [0x0000001eb2600000,0x0000001eb2700000]
Native frames: (J=compiled Java code, j=interpreted, Vv=VM code, C=native code)
V  [jvm.dll+0x63adaa]
V  [jvm.dll+0x77852f]
V  [jvm.dll+0x779b18]
V  [jvm.dll+0x77a1d3]
V  [jvm.dll+0x2624c8]
V  [jvm.dll+0xc5b61]
V  [jvm.dll+0xc60fc]
V  [jvm.dll+0x36e692]
V  [jvm.dll+0x33b433]
V  [jvm.dll+0x33a80a]
V  [jvm.dll+0x21c365]
V  [jvm.dll+0x21b50a]
V  [jvm.dll+0x198400]
V  [jvm.dll+0x22a4ff]
V  [jvm.dll+0x228b18]
V  [jvm.dll+0x73dc3d]
V  [jvm.dll+0x639e42]
C  [ucrtbase.dll+0x21bb2]
C  [KERNEL32.DLL+0x17034]
C  [ntdll.dll+0x52651]


---------------  P R O C E S S  ---------------

Threads class SMR info:
_java_thread_list=0x00000202534c2b40, length=36, elements={
0x0000020230773800, 0x000002024b9d5800, 0x000002024b9df000, 0x000002024b9f8800,
0x000002024b9f9800, 0x000002024b9fa800, 0x000002024ba1b800, 0x000002024c3c3800,
0x000002024c4ba800, 0x000002024c4ce000, 0x000002024db4b000, 0x000002024e74b800,
0x000002024ddcb800, 0x000002024dd7c800, 0x000002024dd78800, 0x000002024dd7f000,
0x000002024dd7d000, 0x000002024dd7e000, 0x000002024dd79000, 0x000002024dd7a000,
0x000002024dd7a800, 0x000002024dd7b800, 0x000002025208e800, 0x0000020252090000,
0x000002024fca7800, 0x000002024fca6000, 0x000002024fca5000, 0x000002024fca4800,
0x000002024fca0000, 0x000002024fca6800, 0x000002024fca1000, 0x000002024fca2000,
0x000002024fca8800, 0x000002024fca2800, 0x000002024fca9000, 0x000002024fca3800
}

Java Threads: ( => current thread )
  0x0000020230773800 JavaThread "main" [_thread_blocked, id=9712, stack(0x0000001eb1b00000,0x0000001eb1c00000)]
  0x000002024b9d5800 JavaThread "Reference Handler" daemon [_thread_blocked, id=11124, stack(0x0000001eb2200000,0x0000001eb2300000)]
  0x000002024b9df000 JavaThread "Finalizer" daemon [_thread_blocked, id=15052, stack(0x0000001eb2300000,0x0000001eb2400000)]
  0x000002024b9f8800 JavaThread "Signal Dispatcher" daemon [_thread_blocked, id=7892, stack(0x0000001eb2400000,0x0000001eb2500000)]
  0x000002024b9f9800 JavaThread "Attach Listener" daemon [_thread_blocked, id=4164, stack(0x0000001eb2500000,0x0000001eb2600000)]
=>0x000002024b9fa800 JavaThread "C2 CompilerThread0" daemon [_thread_in_native, id=8244, stack(0x0000001eb2600000,0x0000001eb2700000)]
  0x000002024ba1b800 JavaThread "C1 CompilerThread0" daemon [_thread_blocked, id=7500, stack(0x0000001eb2700000,0x0000001eb2800000)]
  0x000002024c3c3800 JavaThread "Sweeper thread" daemon [_thread_blocked, id=3884, stack(0x0000001eb2800000,0x0000001eb2900000)]
  0x000002024c4ba800 JavaThread "Common-Cleaner" daemon [_thread_blocked, id=9276, stack(0x0000001eb2900000,0x0000001eb2a00000)]
  0x000002024c4ce000 JavaThread "Service Thread" daemon [_thread_blocked, id=1140, stack(0x0000001eb2a00000,0x0000001eb2b00000)]
  0x000002024db4b000 JavaThread "Daemon health stats" [_thread_blocked, id=7996, stack(0x0000001eb3000000,0x0000001eb3100000)]
  0x000002024e74b800 JavaThread "Incoming local TCP Connector on port 5931" [_thread_in_native, id=2476, stack(0x0000001eb2c00000,0x0000001eb2d00000)]
  0x000002024ddcb800 JavaThread "Daemon periodic checks" [_thread_blocked, id=2956, stack(0x0000001eb3100000,0x0000001eb3200000)]
  0x000002024dd7c800 JavaThread "Cache worker for journal cache (C:\Users\myrsa\.gradle\caches\journal-1)" [_thread_blocked, id=7152, stack(0x0000001eb3900000,0x0000001eb3a00000)]
  0x000002024dd78800 JavaThread "File lock request listener" [_thread_in_native, id=10588, stack(0x0000001eb3a00000,0x0000001eb3b00000)]
  0x000002024dd7f000 JavaThread "Cache worker for file hash cache (C:\Users\myrsa\.gradle\caches\7.4.2\fileHashes)" [_thread_blocked, id=1252, stack(0x0000001eb3b00000,0x0000001eb3c00000)]
  0x000002024dd7d000 JavaThread "File watcher server" daemon [_thread_in_native, id=14420, stack(0x0000001eb3d00000,0x0000001eb3e00000)]
  0x000002024dd7e000 JavaThread "File watcher consumer" daemon [_thread_blocked, id=3096, stack(0x0000001eb3e00000,0x0000001eb3f00000)]
  0x000002024dd79000 JavaThread "jar transforms" [_thread_blocked, id=9032, stack(0x0000001eb3f00000,0x0000001eb4000000)]
  0x000002024dd7a000 JavaThread "jar transforms Thread 2" [_thread_blocked, id=11968, stack(0x0000001eb4000000,0x0000001eb4100000)]
  0x000002024dd7a800 JavaThread "jar transforms Thread 3" [_thread_blocked, id=3696, stack(0x0000001eb4100000,0x0000001eb4200000)]
  0x000002024dd7b800 JavaThread "jar transforms Thread 4" [_thread_blocked, id=14424, stack(0x0000001eb4200000,0x0000001eb4300000)]
  0x000002025208e800 JavaThread "Cache worker for execution history cache (C:\Users\myrsa\.gradle\caches\7.4.2\executionHistory)" [_thread_blocked, id=13472, stack(0x0000001eb4700000,0x0000001eb4800000)]
  0x0000020252090000 JavaThread "Cache worker for file content cache (C:\Users\myrsa\.gradle\caches\7.4.2\fileContent)" [_thread_blocked, id=5384, stack(0x0000001eb4800000,0x0000001eb4900000)]
  0x000002024fca7800 JavaThread "Memory manager" [_thread_blocked, id=13732, stack(0x0000001eb5e00000,0x0000001eb5f00000)]
  0x000002024fca6000 JavaThread "Daemon Thread 3" [_thread_blocked, id=7660, stack(0x0000001eb1900000,0x0000001eb1a00000)]
  0x000002024fca5000 JavaThread "Handler for socket connection from /127.0.0.1:5931 to /127.0.0.1:10399" [_thread_in_native, id=2404, stack(0x0000001eb1a00000,0x0000001eb1b00000)]
  0x000002024fca4800 JavaThread "Cancel handler" [_thread_blocked, id=11400, stack(0x0000001eb3200000,0x0000001eb3300000)]
  0x000002024fca0000 JavaThread "Daemon worker Thread 3" [_thread_in_vm, id=10756, stack(0x0000001eb3300000,0x0000001eb3400000)]
  0x000002024fca6800 JavaThread "Asynchronous log dispatcher for DefaultDaemonConnection: socket connection from /127.0.0.1:5931 to /127.0.0.1:10399" [_thread_blocked, id=12472, stack(0x0000001eb3400000,0x0000001eb3500000)]
  0x000002024fca1000 JavaThread "Stdin handler" [_thread_blocked, id=10440, stack(0x0000001eb3500000,0x0000001eb3600000)]
  0x000002024fca2000 JavaThread "Daemon client event forwarder" [_thread_blocked, id=7180, stack(0x0000001eb3600000,0x0000001eb3700000)]
  0x000002024fca8800 JavaThread "Cache worker for checksums cache (D:\Repositories.Myrsaitov\Java.Homework\.gradle\7.4.2\checksums)" [_thread_blocked, id=7784, stack(0x0000001eb3700000,0x0000001eb3800000)]
  0x000002024fca2800 JavaThread "Cache worker for cache directory md-rule (C:\Users\myrsa\.gradle\caches\7.4.2\md-rule)" [_thread_blocked, id=2980, stack(0x0000001eb3800000,0x0000001eb3900000)]
  0x000002024fca9000 JavaThread "Cache worker for file hash cache (D:\Repositories.Myrsaitov\Java.Homework\.gradle\7.4.2\fileHashes)" [_thread_blocked, id=2660, stack(0x0000001eb3c00000,0x0000001eb3d00000)]
  0x000002024fca3800 JavaThread "Cache worker for cache directory md-supplier (C:\Users\myrsa\.gradle\caches\7.4.2\md-supplier)" [_thread_blocked, id=15292, stack(0x0000001eb4300000,0x0000001eb4400000)]
  0x000002024eb92000 JavaThread "C2 CompilerThread1" daemon [_thread_in_native, id=476, stack(0x0000001eb4400000,0x0000001eb4500000)]
  0x000002024fcae000 JavaThread "Cache worker for dependencies-accessors (D:\Repositories.Myrsaitov\Java.Homework\.gradle\7.4.2\dependencies-accessors)" [_thread_blocked, id=7424, stack(0x0000001eb4500000,0x0000001eb4600000)]

Other Threads:
  0x000002024b9ae800 VMThread "VM Thread" [stack: 0x0000001eb2100000,0x0000001eb2200000] [id=10896]
  0x000002024c4cf800 WatcherThread [stack: 0x0000001eb2b00000,0x0000001eb2c00000] [id=3408]
  0x000002023078a800 GCTaskThread "GC Thread#0" [stack: 0x0000001eb1c00000,0x0000001eb1d00000] [id=5060]
  0x000002024c8f0800 GCTaskThread "GC Thread#1" [stack: 0x0000001eb2d00000,0x0000001eb2e00000] [id=520]
  0x000002024c9b4000 GCTaskThread "GC Thread#2" [stack: 0x0000001eb2e00000,0x0000001eb2f00000] [id=12884]
  0x000002024c9b4800 GCTaskThread "GC Thread#3" [stack: 0x0000001eb2f00000,0x0000001eb3000000] [id=15328]
  0x000002023079a000 ConcurrentGCThread "G1 Main Marker" [stack: 0x0000001eb1d00000,0x0000001eb1e00000] [id=6048]
  0x000002023079b800 ConcurrentGCThread "G1 Conc#0" [stack: 0x0000001eb1e00000,0x0000001eb1f00000] [id=12004]
  0x000002024b84a800 ConcurrentGCThread "G1 Refine#0" [stack: 0x0000001eb1f00000,0x0000001eb2000000] [id=6808]
  0x000002024f196800 ConcurrentGCThread "G1 Refine#1" [stack: 0x0000001eb6b00000,0x0000001eb6c00000] [id=7904]
  0x000002024b84b000 ConcurrentGCThread "G1 Young RemSet Sampling" [stack: 0x0000001eb2000000,0x0000001eb2100000] [id=4156]

Threads with active compile tasks:
C2 CompilerThread012172       4       org.gradle.internal.service.DefaultServiceRegistry$SingletonService::get (5 bytes)
C2 CompilerThread112205       4       groovy.lang.MetaClassImpl::makeReplacementMetaProperty (241 bytes)

VM state:not at safepoint (normal execution)

VM Mutex/Monitor currently owned by a thread: None

Heap address: 0x00000000e0000000, size: 512 MB, Compressed Oops mode: 32-bit
Narrow klass base: 0x0000000000000000, Narrow klass shift: 3
Compressed class space size: 260046848 Address: 0x0000000100000000

Heap:
 garbage-first heap   total 262144K, used 160156K [0x00000000e0000000, 0x0000000100000000)
  region size 1024K, 11 young (11264K), 7 survivors (7168K)
 Metaspace       used 79790K, capacity 82326K, committed 82560K, reserved 325632K
  class space    used 10141K, capacity 11014K, committed 11136K, reserved 253952K
Heap Regions: E=young(eden), S=young(survivor), O=old, HS=humongous(starts), HC=humongous(continues), CS=collection set, F=free, A=archive, TAMS=top-at-mark-start (previous, next)
|   0|0x00000000e0000000, 0x00000000e0100000, 0x00000000e0100000|100%| O|  |TAMS 0x00000000e0100000, 0x00000000e0100000| Untracked 
|   1|0x00000000e0100000, 0x00000000e0200000, 0x00000000e0200000|100%| O|  |TAMS 0x00000000e0200000, 0x00000000e0200000| Untracked 
|   2|0x00000000e0200000, 0x00000000e0300000, 0x00000000e0300000|100%| O|  |TAMS 0x00000000e0300000, 0x00000000e0300000| Untracked 
|   3|0x00000000e0300000, 0x00000000e0400000, 0x00000000e0400000|100%|HS|  |TAMS 0x00000000e0400000, 0x00000000e0400000| Complete 
|   4|0x00000000e0400000, 0x00000000e0500000, 0x00000000e0500000|100%|HC|  |TAMS 0x00000000e0500000, 0x00000000e0500000| Complete 
|   5|0x00000000e0500000, 0x00000000e0600000, 0x00000000e0600000|100%|HC|  |TAMS 0x00000000e0600000, 0x00000000e0600000| Complete 
|   6|0x00000000e0600000, 0x00000000e0700000, 0x00000000e0700000|100%| O|  |TAMS 0x00000000e0700000, 0x00000000e0700000| Untracked 
|   7|0x00000000e0700000, 0x00000000e0800000, 0x00000000e0800000|100%| O|  |TAMS 0x00000000e0800000, 0x00000000e0800000| Untracked 
|   8|0x00000000e0800000, 0x00000000e0900000, 0x00000000e0900000|100%| O|  |TAMS 0x00000000e0900000, 0x00000000e0900000| Untracked 
|   9|0x00000000e0900000, 0x00000000e0a00000, 0x00000000e0a00000|100%| O|  |TAMS 0x00000000e0a00000, 0x00000000e0a00000| Untracked 
|  10|0x00000000e0a00000, 0x00000000e0b00000, 0x00000000e0b00000|100%| O|  |TAMS 0x00000000e0b00000, 0x00000000e0b00000| Untracked 
|  11|0x00000000e0b00000, 0x00000000e0c00000, 0x00000000e0c00000|100%| O|  |TAMS 0x00000000e0c00000, 0x00000000e0c00000| Untracked 
|  12|0x00000000e0c00000, 0x00000000e0d00000, 0x00000000e0d00000|100%| O|  |TAMS 0x00000000e0d00000, 0x00000000e0d00000| Untracked 
|  13|0x00000000e0d00000, 0x00000000e0e00000, 0x00000000e0e00000|100%| O|  |TAMS 0x00000000e0e00000, 0x00000000e0e00000| Untracked 
|  14|0x00000000e0e00000, 0x00000000e0f00000, 0x00000000e0f00000|100%|HS|  |TAMS 0x00000000e0f00000, 0x00000000e0f00000| Complete 
|  15|0x00000000e0f00000, 0x00000000e1000000, 0x00000000e1000000|100%|HC|  |TAMS 0x00000000e1000000, 0x00000000e1000000| Complete 
|  16|0x00000000e1000000, 0x00000000e1100000, 0x00000000e1100000|100%|HS|  |TAMS 0x00000000e1100000, 0x00000000e1100000| Complete 
|  17|0x00000000e1100000, 0x00000000e1200000, 0x00000000e1200000|100%|HC|  |TAMS 0x00000000e1200000, 0x00000000e1200000| Complete 
|  18|0x00000000e1200000, 0x00000000e1300000, 0x00000000e1300000|100%|HC|  |TAMS 0x00000000e1300000, 0x00000000e1300000| Complete 
|  19|0x00000000e1300000, 0x00000000e1400000, 0x00000000e1400000|100%|HS|  |TAMS 0x00000000e1400000, 0x00000000e1400000| Complete 
|  20|0x00000000e1400000, 0x00000000e1500000, 0x00000000e1500000|100%|HC|  |TAMS 0x00000000e1500000, 0x00000000e1500000| Complete 
|  21|0x00000000e1500000, 0x00000000e1600000, 0x00000000e1600000|100%|HC|  |TAMS 0x00000000e1600000, 0x00000000e1600000| Complete 
|  22|0x00000000e1600000, 0x00000000e1700000, 0x00000000e1700000|100%|HC|  |TAMS 0x00000000e1700000, 0x00000000e1700000| Complete 
|  23|0x00000000e1700000, 0x00000000e1800000, 0x00000000e1800000|100%|HC|  |TAMS 0x00000000e1800000, 0x00000000e1800000| Complete 
|  24|0x00000000e1800000, 0x00000000e1900000, 0x00000000e1900000|100%|HS|  |TAMS 0x00000000e1900000, 0x00000000e1900000| Complete 
|  25|0x00000000e1900000, 0x00000000e1a00000, 0x00000000e1a00000|100%|HS|  |TAMS 0x00000000e1a00000, 0x00000000e1a00000| Complete 
|  26|0x00000000e1a00000, 0x00000000e1b00000, 0x00000000e1b00000|100%|HS|  |TAMS 0x00000000e1b00000, 0x00000000e1b00000| Complete 
|  27|0x00000000e1b00000, 0x00000000e1c00000, 0x00000000e1c00000|100%|HC|  |TAMS 0x00000000e1c00000, 0x00000000e1c00000| Complete 
|  28|0x00000000e1c00000, 0x00000000e1d00000, 0x00000000e1d00000|100%|HC|  |TAMS 0x00000000e1d00000, 0x00000000e1d00000| Complete 
|  29|0x00000000e1d00000, 0x00000000e1e00000, 0x00000000e1e00000|100%|HS|  |TAMS 0x00000000e1e00000, 0x00000000e1e00000| Complete 
|  30|0x00000000e1e00000, 0x00000000e1f00000, 0x00000000e1f00000|100%|HC|  |TAMS 0x00000000e1f00000, 0x00000000e1f00000| Complete 
|  31|0x00000000e1f00000, 0x00000000e2000000, 0x00000000e2000000|100%|HC|  |TAMS 0x00000000e2000000, 0x00000000e2000000| Complete 
|  32|0x00000000e2000000, 0x00000000e2100000, 0x00000000e2100000|100%| O|  |TAMS 0x00000000e2100000, 0x00000000e2100000| Untracked 
|  33|0x00000000e2100000, 0x00000000e2200000, 0x00000000e2200000|100%| O|  |TAMS 0x00000000e2200000, 0x00000000e2200000| Untracked 
|  34|0x00000000e2200000, 0x00000000e2300000, 0x00000000e2300000|100%| O|  |TAMS 0x00000000e2300000, 0x00000000e2300000| Untracked 
|  35|0x00000000e2300000, 0x00000000e2400000, 0x00000000e2400000|100%|HS|  |TAMS 0x00000000e2400000, 0x00000000e2400000| Complete 
|  36|0x00000000e2400000, 0x00000000e2500000, 0x00000000e2500000|100%|HC|  |TAMS 0x00000000e2500000, 0x00000000e2500000| Complete 
|  37|0x00000000e2500000, 0x00000000e2600000, 0x00000000e2600000|100%|HC|  |TAMS 0x00000000e2600000, 0x00000000e2600000| Complete 
|  38|0x00000000e2600000, 0x00000000e2700000, 0x00000000e2700000|100%|HC|  |TAMS 0x00000000e2700000, 0x00000000e2700000| Complete 
|  39|0x00000000e2700000, 0x00000000e2800000, 0x00000000e2800000|100%|HC|  |TAMS 0x00000000e2800000, 0x00000000e2800000| Complete 
|  40|0x00000000e2800000, 0x00000000e2900000, 0x00000000e2900000|100%|HS|  |TAMS 0x00000000e2900000, 0x00000000e2900000| Complete 
|  41|0x00000000e2900000, 0x00000000e2a00000, 0x00000000e2a00000|100%|HC|  |TAMS 0x00000000e2a00000, 0x00000000e2a00000| Complete 
|  42|0x00000000e2a00000, 0x00000000e2b00000, 0x00000000e2b00000|100%|HC|  |TAMS 0x00000000e2b00000, 0x00000000e2b00000| Complete 
|  43|0x00000000e2b00000, 0x00000000e2c00000, 0x00000000e2c00000|100%|HS|  |TAMS 0x00000000e2c00000, 0x00000000e2c00000| Complete 
|  44|0x00000000e2c00000, 0x00000000e2d00000, 0x00000000e2d00000|100%|HC|  |TAMS 0x00000000e2d00000, 0x00000000e2d00000| Complete 
|  45|0x00000000e2d00000, 0x00000000e2e00000, 0x00000000e2e00000|100%| O|  |TAMS 0x00000000e2e00000, 0x00000000e2e00000| Untracked 
|  46|0x00000000e2e00000, 0x00000000e2f00000, 0x00000000e2f00000|100%| O|  |TAMS 0x00000000e2f00000, 0x00000000e2f00000| Untracked 
|  47|0x00000000e2f00000, 0x00000000e3000000, 0x00000000e3000000|100%| O|  |TAMS 0x00000000e3000000, 0x00000000e3000000| Untracked 
|  48|0x00000000e3000000, 0x00000000e3100000, 0x00000000e3100000|100%| O|  |TAMS 0x00000000e3100000, 0x00000000e3100000| Untracked 
|  49|0x00000000e3100000, 0x00000000e3200000, 0x00000000e3200000|100%| O|  |TAMS 0x00000000e3200000, 0x00000000e3200000| Untracked 
|  50|0x00000000e3200000, 0x00000000e3300000, 0x00000000e3300000|100%| O|  |TAMS 0x00000000e3300000, 0x00000000e3300000| Untracked 
|  51|0x00000000e3300000, 0x00000000e3400000, 0x00000000e3400000|100%| O|  |TAMS 0x00000000e3400000, 0x00000000e3400000| Untracked 
|  52|0x00000000e3400000, 0x00000000e3500000, 0x00000000e3500000|100%| O|  |TAMS 0x00000000e3500000, 0x00000000e3500000| Untracked 
|  53|0x00000000e3500000, 0x00000000e3600000, 0x00000000e3600000|100%|HS|  |TAMS 0x00000000e3600000, 0x00000000e3600000| Complete 
|  54|0x00000000e3600000, 0x00000000e3700000, 0x00000000e3700000|100%|HS|  |TAMS 0x00000000e3700000, 0x00000000e3700000| Complete 
|  55|0x00000000e3700000, 0x00000000e3800000, 0x00000000e3800000|100%|HC|  |TAMS 0x00000000e3800000, 0x00000000e3800000| Complete 
|  56|0x00000000e3800000, 0x00000000e3900000, 0x00000000e3900000|100%|HC|  |TAMS 0x00000000e3900000, 0x00000000e3900000| Complete 
|  57|0x00000000e3900000, 0x00000000e3a00000, 0x00000000e3a00000|100%|HC|  |TAMS 0x00000000e3a00000, 0x00000000e3a00000| Complete 
|  58|0x00000000e3a00000, 0x00000000e3b00000, 0x00000000e3b00000|100%|HC|  |TAMS 0x00000000e3b00000, 0x00000000e3b00000| Complete 
|  59|0x00000000e3b00000, 0x00000000e3c00000, 0x00000000e3c00000|100%| O|  |TAMS 0x00000000e3c00000, 0x00000000e3c00000| Untracked 
|  60|0x00000000e3c00000, 0x00000000e3d00000, 0x00000000e3d00000|100%| O|  |TAMS 0x00000000e3d00000, 0x00000000e3d00000| Untracked 
|  61|0x00000000e3d00000, 0x00000000e3e00000, 0x00000000e3e00000|100%| O|  |TAMS 0x00000000e3e00000, 0x00000000e3e00000| Untracked 
|  62|0x00000000e3e00000, 0x00000000e3f00000, 0x00000000e3f00000|100%| O|  |TAMS 0x00000000e3f00000, 0x00000000e3f00000| Untracked 
|  63|0x00000000e3f00000, 0x00000000e4000000, 0x00000000e4000000|100%| O|  |TAMS 0x00000000e4000000, 0x00000000e4000000| Untracked 
|  64|0x00000000e4000000, 0x00000000e4100000, 0x00000000e4100000|100%| O|  |TAMS 0x00000000e4100000, 0x00000000e4100000| Untracked 
|  65|0x00000000e4100000, 0x00000000e4200000, 0x00000000e4200000|100%| O|  |TAMS 0x00000000e4200000, 0x00000000e4200000| Untracked 
|  66|0x00000000e4200000, 0x00000000e4300000, 0x00000000e4300000|100%|HS|  |TAMS 0x00000000e4300000, 0x00000000e4300000| Complete 
|  67|0x00000000e4300000, 0x00000000e4400000, 0x00000000e4400000|100%|HC|  |TAMS 0x00000000e4400000, 0x00000000e4400000| Complete 
|  68|0x00000000e4400000, 0x00000000e4500000, 0x00000000e4500000|100%|HC|  |TAMS 0x00000000e4500000, 0x00000000e4500000| Complete 
|  69|0x00000000e4500000, 0x00000000e4600000, 0x00000000e4600000|100%|HC|  |TAMS 0x00000000e4600000, 0x00000000e4600000| Complete 
|  70|0x00000000e4600000, 0x00000000e4700000, 0x00000000e4700000|100%|HS|  |TAMS 0x00000000e4700000, 0x00000000e4700000| Complete 
|  71|0x00000000e4700000, 0x00000000e4800000, 0x00000000e4800000|100%|HC|  |TAMS 0x00000000e4800000, 0x00000000e4800000| Complete 
|  72|0x00000000e4800000, 0x00000000e4900000, 0x00000000e4900000|100%|HS|  |TAMS 0x00000000e4900000, 0x00000000e4900000| Complete 
|  73|0x00000000e4900000, 0x00000000e4a00000, 0x00000000e4a00000|100%|HC|  |TAMS 0x00000000e4a00000, 0x00000000e4a00000| Complete 
|  74|0x00000000e4a00000, 0x00000000e4b00000, 0x00000000e4b00000|100%|HC|  |TAMS 0x00000000e4b00000, 0x00000000e4b00000| Complete 
|  75|0x00000000e4b00000, 0x00000000e4c00000, 0x00000000e4c00000|100%|HS|  |TAMS 0x00000000e4c00000, 0x00000000e4c00000| Complete 
|  76|0x00000000e4c00000, 0x00000000e4d00000, 0x00000000e4d00000|100%|HC|  |TAMS 0x00000000e4d00000, 0x00000000e4d00000| Complete 
|  77|0x00000000e4d00000, 0x00000000e4e00000, 0x00000000e4e00000|100%|HC|  |TAMS 0x00000000e4e00000, 0x00000000e4e00000| Complete 
|  78|0x00000000e4e00000, 0x00000000e4f00000, 0x00000000e4f00000|100%|HC|  |TAMS 0x00000000e4f00000, 0x00000000e4f00000| Complete 
|  79|0x00000000e4f00000, 0x00000000e5000000, 0x00000000e5000000|100%|HC|  |TAMS 0x00000000e5000000, 0x00000000e5000000| Complete 
|  80|0x00000000e5000000, 0x00000000e5100000, 0x00000000e5100000|100%|HS|  |TAMS 0x00000000e5100000, 0x00000000e5100000| Complete 
|  81|0x00000000e5100000, 0x00000000e5200000, 0x00000000e5200000|100%|HS|  |TAMS 0x00000000e5200000, 0x00000000e5200000| Complete 
|  82|0x00000000e5200000, 0x00000000e5300000, 0x00000000e5300000|100%|HC|  |TAMS 0x00000000e5300000, 0x00000000e5300000| Complete 
|  83|0x00000000e5300000, 0x00000000e5400000, 0x00000000e5400000|100%|HC|  |TAMS 0x00000000e5400000, 0x00000000e5400000| Complete 
|  84|0x00000000e5400000, 0x00000000e5500000, 0x00000000e5500000|100%|HS|  |TAMS 0x00000000e5500000, 0x00000000e5500000| Complete 
|  85|0x00000000e5500000, 0x00000000e5600000, 0x00000000e5600000|100%|HC|  |TAMS 0x00000000e5600000, 0x00000000e5600000| Complete 
|  86|0x00000000e5600000, 0x00000000e5700000, 0x00000000e5700000|100%|HC|  |TAMS 0x00000000e5700000, 0x00000000e5700000| Complete 
|  87|0x00000000e5700000, 0x00000000e5800000, 0x00000000e5800000|100%|HC|  |TAMS 0x00000000e5800000, 0x00000000e5800000| Complete 
|  88|0x00000000e5800000, 0x00000000e5900000, 0x00000000e5900000|100%| O|  |TAMS 0x00000000e5900000, 0x00000000e5900000| Untracked 
|  89|0x00000000e5900000, 0x00000000e5a00000, 0x00000000e5a00000|100%| O|  |TAMS 0x00000000e5a00000, 0x00000000e5a00000| Untracked 
|  90|0x00000000e5a00000, 0x00000000e5b00000, 0x00000000e5b00000|100%| O|  |TAMS 0x00000000e5b00000, 0x00000000e5b00000| Untracked 
|  91|0x00000000e5b00000, 0x00000000e5c00000, 0x00000000e5c00000|100%| O|  |TAMS 0x00000000e5c00000, 0x00000000e5c00000| Untracked 
|  92|0x00000000e5c00000, 0x00000000e5d00000, 0x00000000e5d00000|100%| O|  |TAMS 0x00000000e5d00000, 0x00000000e5d00000| Untracked 
|  93|0x00000000e5d00000, 0x00000000e5e00000, 0x00000000e5e00000|100%| O|  |TAMS 0x00000000e5e00000, 0x00000000e5e00000| Untracked 
|  94|0x00000000e5e00000, 0x00000000e5f00000, 0x00000000e5f00000|100%| O|  |TAMS 0x00000000e5f00000, 0x00000000e5f00000| Untracked 
|  95|0x00000000e5f00000, 0x00000000e6000000, 0x00000000e6000000|100%| O|  |TAMS 0x00000000e6000000, 0x00000000e6000000| Untracked 
|  96|0x00000000e6000000, 0x00000000e6100000, 0x00000000e6100000|100%| O|  |TAMS 0x00000000e6100000, 0x00000000e6100000| Untracked 
|  97|0x00000000e6100000, 0x00000000e6200000, 0x00000000e6200000|100%| O|  |TAMS 0x00000000e6200000, 0x00000000e6200000| Untracked 
|  98|0x00000000e6200000, 0x00000000e6300000, 0x00000000e6300000|100%| O|  |TAMS 0x00000000e6300000, 0x00000000e6300000| Untracked 
|  99|0x00000000e6300000, 0x00000000e6400000, 0x00000000e6400000|100%| O|  |TAMS 0x00000000e6400000, 0x00000000e6400000| Untracked 
| 100|0x00000000e6400000, 0x00000000e6500000, 0x00000000e6500000|100%| O|  |TAMS 0x00000000e6500000, 0x00000000e6500000| Untracked 
| 101|0x00000000e6500000, 0x00000000e6600000, 0x00000000e6600000|100%| O|  |TAMS 0x00000000e6600000, 0x00000000e6600000| Untracked 
| 102|0x00000000e6600000, 0x00000000e6700000, 0x00000000e6700000|100%| O|  |TAMS 0x00000000e6700000, 0x00000000e6700000| Untracked 
| 103|0x00000000e6700000, 0x00000000e6800000, 0x00000000e6800000|100%| O|  |TAMS 0x00000000e6800000, 0x00000000e6800000| Untracked 
| 104|0x00000000e6800000, 0x00000000e6900000, 0x00000000e6900000|100%| O|  |TAMS 0x00000000e6900000, 0x00000000e6900000| Untracked 
| 105|0x00000000e6900000, 0x00000000e6a00000, 0x00000000e6a00000|100%| O|  |TAMS 0x00000000e6a00000, 0x00000000e6a00000| Untracked 
| 106|0x00000000e6a00000, 0x00000000e6b00000, 0x00000000e6b00000|100%| O|  |TAMS 0x00000000e6b00000, 0x00000000e6b00000| Untracked 
| 107|0x00000000e6b00000, 0x00000000e6c00000, 0x00000000e6c00000|100%| O|  |TAMS 0x00000000e6c00000, 0x00000000e6c00000| Untracked 
| 108|0x00000000e6c00000, 0x00000000e6d00000, 0x00000000e6d00000|100%| O|  |TAMS 0x00000000e6d00000, 0x00000000e6d00000| Untracked 
| 109|0x00000000e6d00000, 0x00000000e6e00000, 0x00000000e6e00000|100%| O|  |TAMS 0x00000000e6e00000, 0x00000000e6e00000| Untracked 
| 110|0x00000000e6e00000, 0x00000000e6f00000, 0x00000000e6f00000|100%| O|  |TAMS 0x00000000e6f00000, 0x00000000e6f00000| Untracked 
| 111|0x00000000e6f00000, 0x00000000e7000000, 0x00000000e7000000|100%| O|  |TAMS 0x00000000e7000000, 0x00000000e7000000| Untracked 
| 112|0x00000000e7000000, 0x00000000e7100000, 0x00000000e7100000|100%| O|  |TAMS 0x00000000e7100000, 0x00000000e7100000| Untracked 
| 113|0x00000000e7100000, 0x00000000e7200000, 0x00000000e7200000|100%| O|  |TAMS 0x00000000e7200000, 0x00000000e7200000| Untracked 
| 114|0x00000000e7200000, 0x00000000e7300000, 0x00000000e7300000|100%| O|  |TAMS 0x00000000e7300000, 0x00000000e7300000| Untracked 
| 115|0x00000000e7300000, 0x00000000e7400000, 0x00000000e7400000|100%| O|  |TAMS 0x00000000e7400000, 0x00000000e7400000| Untracked 
| 116|0x00000000e7400000, 0x00000000e7500000, 0x00000000e7500000|100%| O|  |TAMS 0x00000000e7500000, 0x00000000e7500000| Untracked 
| 117|0x00000000e7500000, 0x00000000e7600000, 0x00000000e7600000|100%| O|  |TAMS 0x00000000e7600000, 0x00000000e7600000| Untracked 
| 118|0x00000000e7600000, 0x00000000e7700000, 0x00000000e7700000|100%| O|  |TAMS 0x00000000e7700000, 0x00000000e7700000| Untracked 
| 119|0x00000000e7700000, 0x00000000e7800000, 0x00000000e7800000|100%| O|  |TAMS 0x00000000e7800000, 0x00000000e7800000| Untracked 
| 120|0x00000000e7800000, 0x00000000e7900000, 0x00000000e7900000|100%| O|  |TAMS 0x00000000e7900000, 0x00000000e7900000| Untracked 
| 121|0x00000000e7900000, 0x00000000e7a00000, 0x00000000e7a00000|100%| O|  |TAMS 0x00000000e7a00000, 0x00000000e7a00000| Untracked 
| 122|0x00000000e7a00000, 0x00000000e7b00000, 0x00000000e7b00000|100%| O|  |TAMS 0x00000000e7b00000, 0x00000000e7b00000| Untracked 
| 123|0x00000000e7b00000, 0x00000000e7c00000, 0x00000000e7c00000|100%| O|  |TAMS 0x00000000e7c00000, 0x00000000e7c00000| Untracked 
| 124|0x00000000e7c00000, 0x00000000e7d00000, 0x00000000e7d00000|100%| O|  |TAMS 0x00000000e7d00000, 0x00000000e7d00000| Untracked 
| 125|0x00000000e7d00000, 0x00000000e7e00000, 0x00000000e7e00000|100%| O|  |TAMS 0x00000000e7e00000, 0x00000000e7e00000| Untracked 
| 126|0x00000000e7e00000, 0x00000000e7f00000, 0x00000000e7f00000|100%| O|  |TAMS 0x00000000e7f00000, 0x00000000e7f00000| Untracked 
| 127|0x00000000e7f00000, 0x00000000e8000000, 0x00000000e8000000|100%| O|  |TAMS 0x00000000e8000000, 0x00000000e8000000| Untracked 
| 128|0x00000000e8000000, 0x00000000e8100000, 0x00000000e8100000|100%| O|  |TAMS 0x00000000e8100000, 0x00000000e8100000| Untracked 
| 129|0x00000000e8100000, 0x00000000e8200000, 0x00000000e8200000|100%| O|  |TAMS 0x00000000e8200000, 0x00000000e8200000| Untracked 
| 130|0x00000000e8200000, 0x00000000e8300000, 0x00000000e8300000|100%| O|  |TAMS 0x00000000e8300000, 0x00000000e8300000| Untracked 
| 131|0x00000000e8300000, 0x00000000e8400000, 0x00000000e8400000|100%| O|  |TAMS 0x00000000e8400000, 0x00000000e8400000| Untracked 
| 132|0x00000000e8400000, 0x00000000e8500000, 0x00000000e8500000|100%| O|  |TAMS 0x00000000e8500000, 0x00000000e8500000| Untracked 
| 133|0x00000000e8500000, 0x00000000e8600000, 0x00000000e8600000|100%| O|  |TAMS 0x00000000e8600000, 0x00000000e8600000| Untracked 
| 134|0x00000000e8600000, 0x00000000e8700000, 0x00000000e8700000|100%| O|  |TAMS 0x00000000e8700000, 0x00000000e8700000| Untracked 
| 135|0x00000000e8700000, 0x00000000e8800000, 0x00000000e8800000|100%| O|  |TAMS 0x00000000e8800000, 0x00000000e8800000| Untracked 
| 136|0x00000000e8800000, 0x00000000e8900000, 0x00000000e8900000|100%| O|  |TAMS 0x00000000e883b600, 0x00000000e8900000| Untracked 
| 137|0x00000000e8900000, 0x00000000e8a00000, 0x00000000e8a00000|100%| O|  |TAMS 0x00000000e8900000, 0x00000000e8a00000| Untracked 
| 138|0x00000000e8a00000, 0x00000000e8b00000, 0x00000000e8b00000|100%| O|  |TAMS 0x00000000e8a00000, 0x00000000e8b00000| Untracked 
| 139|0x00000000e8b00000, 0x00000000e8c00000, 0x00000000e8c00000|100%| O|  |TAMS 0x00000000e8b00000, 0x00000000e8c00000| Untracked 
| 140|0x00000000e8c00000, 0x00000000e8d00000, 0x00000000e8d00000|100%| O|  |TAMS 0x00000000e8c00000, 0x00000000e8d00000| Untracked 
| 141|0x00000000e8d00000, 0x00000000e8e00000, 0x00000000e8e00000|100%| O|  |TAMS 0x00000000e8d00000, 0x00000000e8e00000| Untracked 
| 142|0x00000000e8e00000, 0x00000000e8f00000, 0x00000000e8f00000|100%| O|  |TAMS 0x00000000e8e00000, 0x00000000e8f00000| Untracked 
| 143|0x00000000e8f00000, 0x00000000e9000000, 0x00000000e9000000|100%| O|  |TAMS 0x00000000e8f00000, 0x00000000e9000000| Untracked 
| 144|0x00000000e9000000, 0x00000000e9100000, 0x00000000e9100000|100%| O|  |TAMS 0x00000000e9000000, 0x00000000e9100000| Untracked 
| 145|0x00000000e9100000, 0x00000000e9200000, 0x00000000e9200000|100%| O|  |TAMS 0x00000000e9100000, 0x00000000e9200000| Untracked 
| 146|0x00000000e9200000, 0x00000000e92dbc00, 0x00000000e9300000| 85%| O|  |TAMS 0x00000000e9200000, 0x00000000e92dbc00| Untracked 
| 147|0x00000000e9300000, 0x00000000e9300000, 0x00000000e9400000|  0%| F|  |TAMS 0x00000000e9300000, 0x00000000e9300000| Untracked 
| 148|0x00000000e9400000, 0x00000000e9400000, 0x00000000e9500000|  0%| F|  |TAMS 0x00000000e9400000, 0x00000000e9400000| Untracked 
| 149|0x00000000e9500000, 0x00000000e9500000, 0x00000000e9600000|  0%| F|  |TAMS 0x00000000e9500000, 0x00000000e9500000| Untracked 
| 150|0x00000000e9600000, 0x00000000e9600000, 0x00000000e9700000|  0%| F|  |TAMS 0x00000000e9600000, 0x00000000e9600000| Untracked 
| 151|0x00000000e9700000, 0x00000000e9700000, 0x00000000e9800000|  0%| F|  |TAMS 0x00000000e9700000, 0x00000000e9700000| Untracked 
| 152|0x00000000e9800000, 0x00000000e9800000, 0x00000000e9900000|  0%| F|  |TAMS 0x00000000e9800000, 0x00000000e9800000| Untracked 
| 153|0x00000000e9900000, 0x00000000e9900000, 0x00000000e9a00000|  0%| F|  |TAMS 0x00000000e9900000, 0x00000000e9900000| Untracked 
| 154|0x00000000e9a00000, 0x00000000e9a00000, 0x00000000e9b00000|  0%| F|  |TAMS 0x00000000e9a00000, 0x00000000e9a00000| Untracked 
| 155|0x00000000e9b00000, 0x00000000e9b00000, 0x00000000e9c00000|  0%| F|  |TAMS 0x00000000e9b00000, 0x00000000e9b00000| Untracked 
| 156|0x00000000e9c00000, 0x00000000e9c00000, 0x00000000e9d00000|  0%| F|  |TAMS 0x00000000e9c00000, 0x00000000e9c00000| Untracked 
| 157|0x00000000e9d00000, 0x00000000e9d00000, 0x00000000e9e00000|  0%| F|  |TAMS 0x00000000e9d00000, 0x00000000e9d00000| Untracked 
| 158|0x00000000e9e00000, 0x00000000e9e00000, 0x00000000e9f00000|  0%| F|  |TAMS 0x00000000e9e00000, 0x00000000e9e00000| Untracked 
| 159|0x00000000e9f00000, 0x00000000e9f00000, 0x00000000ea000000|  0%| F|  |TAMS 0x00000000e9f00000, 0x00000000e9f00000| Untracked 
| 160|0x00000000ea000000, 0x00000000ea000000, 0x00000000ea100000|  0%| F|  |TAMS 0x00000000ea000000, 0x00000000ea000000| Untracked 
| 161|0x00000000ea100000, 0x00000000ea100000, 0x00000000ea200000|  0%| F|  |TAMS 0x00000000ea100000, 0x00000000ea100000| Untracked 
| 162|0x00000000ea200000, 0x00000000ea200000, 0x00000000ea300000|  0%| F|  |TAMS 0x00000000ea200000, 0x00000000ea200000| Untracked 
| 163|0x00000000ea300000, 0x00000000ea300000, 0x00000000ea400000|  0%| F|  |TAMS 0x00000000ea300000, 0x00000000ea300000| Untracked 
| 164|0x00000000ea400000, 0x00000000ea400000, 0x00000000ea500000|  0%| F|  |TAMS 0x00000000ea400000, 0x00000000ea400000| Untracked 
| 165|0x00000000ea500000, 0x00000000ea500000, 0x00000000ea600000|  0%| F|  |TAMS 0x00000000ea500000, 0x00000000ea500000| Untracked 
| 166|0x00000000ea600000, 0x00000000ea600000, 0x00000000ea700000|  0%| F|  |TAMS 0x00000000ea600000, 0x00000000ea600000| Untracked 
| 167|0x00000000ea700000, 0x00000000ea700000, 0x00000000ea800000|  0%| F|  |TAMS 0x00000000ea700000, 0x00000000ea700000| Untracked 
| 168|0x00000000ea800000, 0x00000000ea800000, 0x00000000ea900000|  0%| F|  |TAMS 0x00000000ea800000, 0x00000000ea800000| Untracked 
| 169|0x00000000ea900000, 0x00000000ea900000, 0x00000000eaa00000|  0%| F|  |TAMS 0x00000000ea900000, 0x00000000ea900000| Untracked 
| 170|0x00000000eaa00000, 0x00000000eaa00000, 0x00000000eab00000|  0%| F|  |TAMS 0x00000000eaa00000, 0x00000000eaa00000| Untracked 
| 171|0x00000000eab00000, 0x00000000eab00000, 0x00000000eac00000|  0%| F|  |TAMS 0x00000000eab00000, 0x00000000eab00000| Untracked 
| 172|0x00000000eac00000, 0x00000000eac00000, 0x00000000ead00000|  0%| F|  |TAMS 0x00000000eac00000, 0x00000000eac00000| Untracked 
| 173|0x00000000ead00000, 0x00000000ead00000, 0x00000000eae00000|  0%| F|  |TAMS 0x00000000ead00000, 0x00000000ead00000| Untracked 
| 174|0x00000000eae00000, 0x00000000eae00000, 0x00000000eaf00000|  0%| F|  |TAMS 0x00000000eae00000, 0x00000000eae00000| Untracked 
| 175|0x00000000eaf00000, 0x00000000eaf00000, 0x00000000eb000000|  0%| F|  |TAMS 0x00000000eaf00000, 0x00000000eaf00000| Untracked 
| 176|0x00000000eb000000, 0x00000000eb000000, 0x00000000eb100000|  0%| F|  |TAMS 0x00000000eb000000, 0x00000000eb000000| Untracked 
| 177|0x00000000eb100000, 0x00000000eb100000, 0x00000000eb200000|  0%| F|  |TAMS 0x00000000eb100000, 0x00000000eb100000| Untracked 
| 178|0x00000000eb200000, 0x00000000eb200000, 0x00000000eb300000|  0%| F|  |TAMS 0x00000000eb200000, 0x00000000eb200000| Untracked 
| 179|0x00000000eb300000, 0x00000000eb38b790, 0x00000000eb400000| 54%| S|CS|TAMS 0x00000000eb300000, 0x00000000eb300000| Complete 
| 180|0x00000000eb400000, 0x00000000eb500000, 0x00000000eb500000|100%| S|CS|TAMS 0x00000000eb400000, 0x00000000eb400000| Complete 
| 181|0x00000000eb500000, 0x00000000eb600000, 0x00000000eb600000|100%| S|CS|TAMS 0x00000000eb500000, 0x00000000eb500000| Complete 
| 182|0x00000000eb600000, 0x00000000eb600000, 0x00000000eb700000|  0%| F|  |TAMS 0x00000000eb600000, 0x00000000eb600000| Untracked 
| 183|0x00000000eb700000, 0x00000000eb700000, 0x00000000eb800000|  0%| F|  |TAMS 0x00000000eb700000, 0x00000000eb700000| Untracked 
| 184|0x00000000eb800000, 0x00000000eb800000, 0x00000000eb900000|  0%| F|  |TAMS 0x00000000eb800000, 0x00000000eb800000| Untracked 
| 185|0x00000000eb900000, 0x00000000eb900000, 0x00000000eba00000|  0%| F|  |TAMS 0x00000000eb900000, 0x00000000eb900000| Untracked 
| 186|0x00000000eba00000, 0x00000000eba00000, 0x00000000ebb00000|  0%| F|  |TAMS 0x00000000eba00000, 0x00000000eba00000| Untracked 
| 187|0x00000000ebb00000, 0x00000000ebb00000, 0x00000000ebc00000|  0%| F|  |TAMS 0x00000000ebb00000, 0x00000000ebb00000| Untracked 
| 188|0x00000000ebc00000, 0x00000000ebd00000, 0x00000000ebd00000|100%| S|CS|TAMS 0x00000000ebc00000, 0x00000000ebc00000| Complete 
| 189|0x00000000ebd00000, 0x00000000ebe00000, 0x00000000ebe00000|100%| S|CS|TAMS 0x00000000ebd00000, 0x00000000ebd00000| Complete 
| 190|0x00000000ebe00000, 0x00000000ebf00000, 0x00000000ebf00000|100%| S|CS|TAMS 0x00000000ebe00000, 0x00000000ebe00000| Complete 
| 191|0x00000000ebf00000, 0x00000000ec000000, 0x00000000ec000000|100%| S|CS|TAMS 0x00000000ebf00000, 0x00000000ebf00000| Complete 
| 192|0x00000000ec000000, 0x00000000ec000000, 0x00000000ec100000|  0%| F|  |TAMS 0x00000000ec000000, 0x00000000ec000000| Untracked 
| 193|0x00000000ec100000, 0x00000000ec100000, 0x00000000ec200000|  0%| F|  |TAMS 0x00000000ec100000, 0x00000000ec100000| Untracked 
| 194|0x00000000ec200000, 0x00000000ec200000, 0x00000000ec300000|  0%| F|  |TAMS 0x00000000ec200000, 0x00000000ec200000| Untracked 
| 195|0x00000000ec300000, 0x00000000ec300000, 0x00000000ec400000|  0%| F|  |TAMS 0x00000000ec300000, 0x00000000ec300000| Untracked 
| 196|0x00000000ec400000, 0x00000000ec400000, 0x00000000ec500000|  0%| F|  |TAMS 0x00000000ec400000, 0x00000000ec400000| Untracked 
| 197|0x00000000ec500000, 0x00000000ec500000, 0x00000000ec600000|  0%| F|  |TAMS 0x00000000ec500000, 0x00000000ec500000| Untracked 
| 198|0x00000000ec600000, 0x00000000ec600000, 0x00000000ec700000|  0%| F|  |TAMS 0x00000000ec600000, 0x00000000ec600000| Untracked 
| 199|0x00000000ec700000, 0x00000000ec700000, 0x00000000ec800000|  0%| F|  |TAMS 0x00000000ec700000, 0x00000000ec700000| Untracked 
| 200|0x00000000ec800000, 0x00000000ec800000, 0x00000000ec900000|  0%| F|  |TAMS 0x00000000ec800000, 0x00000000ec800000| Untracked 
| 201|0x00000000ec900000, 0x00000000ec900000, 0x00000000eca00000|  0%| F|  |TAMS 0x00000000ec900000, 0x00000000ec900000| Untracked 
| 202|0x00000000eca00000, 0x00000000eca00000, 0x00000000ecb00000|  0%| F|  |TAMS 0x00000000eca00000, 0x00000000eca00000| Untracked 
| 203|0x00000000ecb00000, 0x00000000ecb00000, 0x00000000ecc00000|  0%| F|  |TAMS 0x00000000ecb00000, 0x00000000ecb00000| Untracked 
| 204|0x00000000ecc00000, 0x00000000ecc00000, 0x00000000ecd00000|  0%| F|  |TAMS 0x00000000ecc00000, 0x00000000ecc00000| Untracked 
| 205|0x00000000ecd00000, 0x00000000ecd00000, 0x00000000ece00000|  0%| F|  |TAMS 0x00000000ecd00000, 0x00000000ecd00000| Untracked 
| 206|0x00000000ece00000, 0x00000000ece00000, 0x00000000ecf00000|  0%| F|  |TAMS 0x00000000ece00000, 0x00000000ece00000| Untracked 
| 207|0x00000000ecf00000, 0x00000000ecf00000, 0x00000000ed000000|  0%| F|  |TAMS 0x00000000ecf00000, 0x00000000ecf00000| Untracked 
| 208|0x00000000ed000000, 0x00000000ed000000, 0x00000000ed100000|  0%| F|  |TAMS 0x00000000ed000000, 0x00000000ed000000| Untracked 
| 209|0x00000000ed100000, 0x00000000ed100000, 0x00000000ed200000|  0%| F|  |TAMS 0x00000000ed100000, 0x00000000ed100000| Untracked 
| 210|0x00000000ed200000, 0x00000000ed200000, 0x00000000ed300000|  0%| F|  |TAMS 0x00000000ed200000, 0x00000000ed200000| Untracked 
| 211|0x00000000ed300000, 0x00000000ed300000, 0x00000000ed400000|  0%| F|  |TAMS 0x00000000ed300000, 0x00000000ed300000| Untracked 
| 212|0x00000000ed400000, 0x00000000ed400000, 0x00000000ed500000|  0%| F|  |TAMS 0x00000000ed400000, 0x00000000ed400000| Untracked 
| 213|0x00000000ed500000, 0x00000000ed500000, 0x00000000ed600000|  0%| F|  |TAMS 0x00000000ed500000, 0x00000000ed500000| Untracked 
| 214|0x00000000ed600000, 0x00000000ed600000, 0x00000000ed700000|  0%| F|  |TAMS 0x00000000ed600000, 0x00000000ed600000| Untracked 
| 215|0x00000000ed700000, 0x00000000ed700000, 0x00000000ed800000|  0%| F|  |TAMS 0x00000000ed700000, 0x00000000ed700000| Untracked 
| 216|0x00000000ed800000, 0x00000000ed800000, 0x00000000ed900000|  0%| F|  |TAMS 0x00000000ed800000, 0x00000000ed800000| Untracked 
| 217|0x00000000ed900000, 0x00000000ed900000, 0x00000000eda00000|  0%| F|  |TAMS 0x00000000ed900000, 0x00000000ed900000| Untracked 
| 218|0x00000000eda00000, 0x00000000eda00000, 0x00000000edb00000|  0%| F|  |TAMS 0x00000000eda00000, 0x00000000eda00000| Untracked 
| 219|0x00000000edb00000, 0x00000000edb00000, 0x00000000edc00000|  0%| F|  |TAMS 0x00000000edb00000, 0x00000000edb00000| Untracked 
| 220|0x00000000edc00000, 0x00000000edc00000, 0x00000000edd00000|  0%| F|  |TAMS 0x00000000edc00000, 0x00000000edc00000| Untracked 
| 221|0x00000000edd00000, 0x00000000edd00000, 0x00000000ede00000|  0%| F|  |TAMS 0x00000000edd00000, 0x00000000edd00000| Untracked 
| 222|0x00000000ede00000, 0x00000000ede00000, 0x00000000edf00000|  0%| F|  |TAMS 0x00000000ede00000, 0x00000000ede00000| Untracked 
| 223|0x00000000edf00000, 0x00000000edf00000, 0x00000000ee000000|  0%| F|  |TAMS 0x00000000edf00000, 0x00000000edf00000| Untracked 
| 224|0x00000000ee000000, 0x00000000ee000000, 0x00000000ee100000|  0%| F|  |TAMS 0x00000000ee000000, 0x00000000ee000000| Untracked 
| 225|0x00000000ee100000, 0x00000000ee100000, 0x00000000ee200000|  0%| F|  |TAMS 0x00000000ee100000, 0x00000000ee100000| Untracked 
| 226|0x00000000ee200000, 0x00000000ee200000, 0x00000000ee300000|  0%| F|  |TAMS 0x00000000ee200000, 0x00000000ee200000| Untracked 
| 227|0x00000000ee300000, 0x00000000ee300000, 0x00000000ee400000|  0%| F|  |TAMS 0x00000000ee300000, 0x00000000ee300000| Untracked 
| 228|0x00000000ee400000, 0x00000000ee400000, 0x00000000ee500000|  0%| F|  |TAMS 0x00000000ee400000, 0x00000000ee400000| Untracked 
| 229|0x00000000ee500000, 0x00000000ee500000, 0x00000000ee600000|  0%| F|  |TAMS 0x00000000ee500000, 0x00000000ee500000| Untracked 
| 230|0x00000000ee600000, 0x00000000ee600000, 0x00000000ee700000|  0%| F|  |TAMS 0x00000000ee600000, 0x00000000ee600000| Untracked 
| 231|0x00000000ee700000, 0x00000000ee700000, 0x00000000ee800000|  0%| F|  |TAMS 0x00000000ee700000, 0x00000000ee700000| Untracked 
| 232|0x00000000ee800000, 0x00000000ee800000, 0x00000000ee900000|  0%| F|  |TAMS 0x00000000ee800000, 0x00000000ee800000| Untracked 
| 233|0x00000000ee900000, 0x00000000ee900000, 0x00000000eea00000|  0%| F|  |TAMS 0x00000000ee900000, 0x00000000ee900000| Untracked 
| 234|0x00000000eea00000, 0x00000000eea00000, 0x00000000eeb00000|  0%| F|  |TAMS 0x00000000eea00000, 0x00000000eea00000| Untracked 
| 235|0x00000000eeb00000, 0x00000000eeb00000, 0x00000000eec00000|  0%| F|  |TAMS 0x00000000eeb00000, 0x00000000eeb00000| Untracked 
| 236|0x00000000eec00000, 0x00000000eec00000, 0x00000000eed00000|  0%| F|  |TAMS 0x00000000eec00000, 0x00000000eec00000| Untracked 
| 237|0x00000000eed00000, 0x00000000eed00000, 0x00000000eee00000|  0%| F|  |TAMS 0x00000000eed00000, 0x00000000eed00000| Untracked 
| 238|0x00000000eee00000, 0x00000000eee00000, 0x00000000eef00000|  0%| F|  |TAMS 0x00000000eee00000, 0x00000000eee00000| Untracked 
| 239|0x00000000eef00000, 0x00000000eef00000, 0x00000000ef000000|  0%| F|  |TAMS 0x00000000eef00000, 0x00000000eef00000| Untracked 
| 240|0x00000000ef000000, 0x00000000ef000000, 0x00000000ef100000|  0%| F|  |TAMS 0x00000000ef000000, 0x00000000ef000000| Untracked 
| 241|0x00000000ef100000, 0x00000000ef100000, 0x00000000ef200000|  0%| F|  |TAMS 0x00000000ef100000, 0x00000000ef100000| Untracked 
| 242|0x00000000ef200000, 0x00000000ef200000, 0x00000000ef300000|  0%| F|  |TAMS 0x00000000ef200000, 0x00000000ef200000| Untracked 
| 243|0x00000000ef300000, 0x00000000ef300000, 0x00000000ef400000|  0%| F|  |TAMS 0x00000000ef300000, 0x00000000ef300000| Untracked 
| 244|0x00000000ef400000, 0x00000000ef400000, 0x00000000ef500000|  0%| F|  |TAMS 0x00000000ef400000, 0x00000000ef400000| Untracked 
| 245|0x00000000ef500000, 0x00000000ef500000, 0x00000000ef600000|  0%| F|  |TAMS 0x00000000ef500000, 0x00000000ef500000| Untracked 
| 246|0x00000000ef600000, 0x00000000ef600000, 0x00000000ef700000|  0%| F|  |TAMS 0x00000000ef600000, 0x00000000ef600000| Untracked 
| 247|0x00000000ef700000, 0x00000000ef700000, 0x00000000ef800000|  0%| F|  |TAMS 0x00000000ef700000, 0x00000000ef700000| Untracked 
| 248|0x00000000ef800000, 0x00000000ef800000, 0x00000000ef900000|  0%| F|  |TAMS 0x00000000ef800000, 0x00000000ef800000| Untracked 
| 249|0x00000000ef900000, 0x00000000ef931790, 0x00000000efa00000| 19%| E|  |TAMS 0x00000000ef900000, 0x00000000ef900000| Complete 
| 250|0x00000000efa00000, 0x00000000efb00000, 0x00000000efb00000|100%| E|CS|TAMS 0x00000000efa00000, 0x00000000efa00000| Complete 
| 251|0x00000000efb00000, 0x00000000efc00000, 0x00000000efc00000|100%| E|CS|TAMS 0x00000000efb00000, 0x00000000efb00000| Complete 
| 252|0x00000000efc00000, 0x00000000efd00000, 0x00000000efd00000|100%| E|CS|TAMS 0x00000000efc00000, 0x00000000efc00000| Complete 
| 253|0x00000000efd00000, 0x00000000efe00000, 0x00000000efe00000|100%| E|CS|TAMS 0x00000000efd00000, 0x00000000efd00000| Complete 
| 254|0x00000000efe00000, 0x00000000eff00000, 0x00000000eff00000|100%| E|CS|TAMS 0x00000000efe00000, 0x00000000efe00000| Complete 
| 255|0x00000000eff00000, 0x00000000f0000000, 0x00000000f0000000|100%| E|CS|TAMS 0x00000000eff00000, 0x00000000eff00000| Complete 

Card table byte_map: [0x00000202481c0000,0x00000202482c0000] _byte_map_base: 0x0000020247ac0000

Marking Bits (Prev, Next): (CMBitMap*) 0x00000202307972e8, (CMBitMap*) 0x0000020230797320
 Prev Bits: [0x00000202483c0000, 0x0000020248bc0000)
 Next Bits: [0x0000020248bc0000, 0x00000202493c0000)

Polling page: 0x00000202306a0000

Metaspace:

Usage:
  Non-class:     69.64 MB capacity,    68.02 MB ( 98%) used,     1.36 MB (  2%) free+waste,   270.69 KB ( <1%) overhead. 
      Class:     10.76 MB capacity,     9.90 MB ( 92%) used,   748.53 KB (  7%) free+waste,   124.44 KB (  1%) overhead. 
       Both:     80.40 MB capacity,    77.92 MB ( 97%) used,     2.09 MB (  3%) free+waste,   395.13 KB ( <1%) overhead. 

Virtual space:
  Non-class space:       70.00 MB reserved,      69.75 MB (>99%) committed 
      Class space:      248.00 MB reserved,      10.88 MB (  4%) committed 
             Both:      318.00 MB reserved,      80.63 MB ( 25%) committed 

Chunk freelists:
   Non-Class:  6.00 KB
       Class:  7.25 KB
        Both:  13.25 KB

CodeHeap 'non-profiled nmethods': size=120064Kb used=7087Kb max_used=7625Kb free=112976Kb
 bounds [0x0000020240550000, 0x0000020240cd0000, 0x0000020247a90000]
CodeHeap 'profiled nmethods': size=120000Kb used=23836Kb max_used=25617Kb free=96163Kb
 bounds [0x0000020239020000, 0x000002023a930000, 0x0000020240550000]
CodeHeap 'non-nmethods': size=5696Kb used=2260Kb max_used=2321Kb free=3435Kb
 bounds [0x0000020238a90000, 0x0000020238d00000, 0x0000020239020000]
 total_blobs=15842 nmethods=10959 adapters=770
 compilation: enabled
              stopped_count=0, restarted_count=0
 full_count=0

Compilation events (10 events):
Event: 515.272 Thread 0x000002024ba1b800 nmethod 12174 0x00000202390c2410 code [0x00000202390c25c0, 0x00000202390c27d8]
Event: 515.281 Thread 0x000002024ba1b800 12176       3       org.gradle.internal.concurrent.ManagedExecutorImpl::trackedCommand (10 bytes)
Event: 515.281 Thread 0x000002024ba1b800 nmethod 12176 0x00000202390f6d10 code [0x00000202390f6ee0, 0x00000202390f7218]
Event: 515.281 Thread 0x000002024ba1b800 12177       3       org.gradle.internal.concurrent.ManagedExecutorImpl$1::<init> (15 bytes)
Event: 515.282 Thread 0x000002024ba1b800 nmethod 12177 0x00000202390c8590 code [0x00000202390c8740, 0x00000202390c89b8]
Event: 515.282 Thread 0x000002024ba1b800 12178       3       org.gradle.cache.internal.DefaultCrossBuildInMemoryCacheFactory$DefaultCrossBuildInMemoryCache::maybeGetRetainedValue (25 bytes)
Event: 515.282 Thread 0x000002024ba1b800 nmethod 12178 0x0000020239107290 code [0x0000020239107480, 0x00000202391078a0]
Event: 515.285 Thread 0x000002024ba1b800 12179       3       java.util.Random::<init> (12 bytes)
Event: 515.286 Thread 0x000002024ba1b800 nmethod 12179 0x000002023910e110 code [0x000002023910e300, 0x000002023910e6b0]
Event: 515.377 Thread 0x000002024ba1b800 12180       3       org.gradle.internal.execution.fingerprint.impl.DefaultFileNormalizationSpec::equals (71 bytes)

GC Heap History (10 events):
Event: 21.004 GC heap before
{Heap before GC invocations=18 (full 0):
 garbage-first heap   total 262144K, used 214124K [0x00000000e0000000, 0x0000000100000000)
  region size 1024K, 83 young (84992K), 8 survivors (8192K)
 Metaspace       used 71386K, capacity 73775K, committed 73856K, reserved 319488K
  class space    used 9216K, capacity 10076K, committed 10112K, reserved 253952K
}
Event: 21.014 GC heap after
{Heap after GC invocations=19 (full 0):
 garbage-first heap   total 262144K, used 139489K [0x00000000e0000000, 0x0000000100000000)
  region size 1024K, 6 young (6144K), 6 survivors (6144K)
 Metaspace       used 71386K, capacity 73775K, committed 73856K, reserved 319488K
  class space    used 9216K, capacity 10076K, committed 10112K, reserved 253952K
}
Event: 21.554 GC heap before
{Heap before GC invocations=19 (full 0):
 garbage-first heap   total 262144K, used 175329K [0x00000000e0000000, 0x0000000100000000)
  region size 1024K, 42 young (43008K), 6 survivors (6144K)
 Metaspace       used 73621K, capacity 75965K, committed 76160K, reserved 321536K
  class space    used 9492K, capacity 10348K, committed 10368K, reserved 253952K
}
Event: 21.561 GC heap after
{Heap after GC invocations=20 (full 0):
 garbage-first heap   total 262144K, used 141191K [0x00000000e0000000, 0x0000000100000000)
  region size 1024K, 7 young (7168K), 7 survivors (7168K)
 Metaspace       used 73621K, capacity 75965K, committed 76160K, reserved 321536K
  class space    used 9492K, capacity 10348K, committed 10368K, reserved 253952K
}
Event: 22.526 GC heap before
{Heap before GC invocations=21 (full 0):
 garbage-first heap   total 262144K, used 221063K [0x00000000e0000000, 0x0000000100000000)
  region size 1024K, 84 young (86016K), 7 survivors (7168K)
 Metaspace       used 76460K, capacity 78939K, committed 78976K, reserved 323584K
  class space    used 9750K, capacity 10610K, committed 10624K, reserved 253952K
}
Event: 22.538 GC heap after
{Heap after GC invocations=22 (full 0):
 garbage-first heap   total 262144K, used 144655K [0x00000000e0000000, 0x0000000100000000)
  region size 1024K, 8 young (8192K), 8 survivors (8192K)
 Metaspace       used 76460K, capacity 78939K, committed 78976K, reserved 323584K
  class space    used 9750K, capacity 10610K, committed 10624K, reserved 253952K
}
Event: 403.325 GC heap before
{Heap before GC invocations=22 (full 0):
 garbage-first heap   total 262144K, used 220431K [0x00000000e0000000, 0x0000000100000000)
  region size 1024K, 82 young (83968K), 8 survivors (8192K)
 Metaspace       used 78354K, capacity 80935K, committed 81152K, reserved 325632K
  class space    used 9994K, capacity 10931K, committed 11008K, reserved 253952K
}
Event: 403.344 GC heap after
{Heap after GC invocations=23 (full 0):
 garbage-first heap   total 262144K, used 150765K [0x00000000e0000000, 0x0000000100000000)
  region size 1024K, 11 young (11264K), 11 survivors (11264K)
 Metaspace       used 78354K, capacity 80935K, committed 81152K, reserved 325632K
  class space    used 9994K, capacity 10931K, committed 11008K, reserved 253952K
}
Event: 404.311 GC heap before
{Heap before GC invocations=24 (full 0):
 garbage-first heap   total 262144K, used 219373K [0x00000000e0000000, 0x0000000100000000)
  region size 1024K, 79 young (80896K), 11 survivors (11264K)
 Metaspace       used 78051K, capacity 80458K, committed 81408K, reserved 325632K
  class space    used 9867K, capacity 10696K, committed 11008K, reserved 253952K
}
Event: 404.327 GC heap after
{Heap after GC invocations=25 (full 0):
 garbage-first heap   total 262144K, used 156009K [0x00000000e0000000, 0x0000000100000000)
  region size 1024K, 6 young (6144K), 6 survivors (6144K)
 Metaspace       used 78051K, capacity 80458K, committed 81408K, reserved 325632K
  class space    used 9867K, capacity 10696K, committed 11008K, reserved 253952K
}

Deoptimization events (10 events):
Event: 406.248 Thread 0x000002024fca4800 Uncommon trap: reason=unstable_if action=reinterpret pc=0x0000020240b70de4 method=java.lang.ref.SoftReference.get()Ljava/lang/Object; @ 6 c2
Event: 406.347 Thread 0x000002024fca2000 Uncommon trap: reason=unstable_if action=reinterpret pc=0x0000020240b5a364 method=com.esotericsoftware.kryo.io.Input.require(I)I @ 180 c2
Event: 493.760 Thread 0x000002024db4b000 Uncommon trap: reason=predicate action=maybe_recompile pc=0x00000202406ceca4 method=java.util.ComparableTimSort.reverseRange([Ljava/lang/Object;II)V @ 5 c2
Event: 508.751 Thread 0x000002024db4b000 Uncommon trap: reason=array_check action=maybe_recompile pc=0x00000202406cbff8 method=java.util.ComparableTimSort.reverseRange([Ljava/lang/Object;II)V @ 20 c2
Event: 508.751 Thread 0x000002024db4b000 Uncommon trap: reason=array_check action=maybe_recompile pc=0x00000202406cbff8 method=java.util.ComparableTimSort.reverseRange([Ljava/lang/Object;II)V @ 20 c2
Event: 508.751 Thread 0x000002024db4b000 Uncommon trap: reason=array_check action=maybe_recompile pc=0x00000202406cbff8 method=java.util.ComparableTimSort.reverseRange([Ljava/lang/Object;II)V @ 20 c2
Event: 508.751 Thread 0x000002024db4b000 Uncommon trap: reason=array_check action=maybe_recompile pc=0x00000202406cbff8 method=java.util.ComparableTimSort.reverseRange([Ljava/lang/Object;II)V @ 20 c2
Event: 515.252 Thread 0x000002024fca0000 Uncommon trap: reason=bimorphic_or_optimized_type_check action=maybe_recompile pc=0x0000020240660818 method=java.util.stream.MatchOps$MatchOp.evaluateSequential(Ljava/util/stream/PipelineHelper;Ljava/util/Spliterator;)Ljava/lang/Boolean; @ 14 c2
Event: 515.252 Thread 0x000002024fca0000 Uncommon trap: reason=unstable_if action=reinterpret pc=0x0000020240c674a4 method=java.util.stream.ReferencePipeline$7$1.accept(Ljava/lang/Object;)V @ 25 c2
Event: 515.270 Thread 0x000002024fca0000 Uncommon trap: reason=null_check action=make_not_entrant pc=0x0000020240c98b7c method=org.gradle.tooling.internal.provider.runner.ClientBuildEventGenerator$Disabled.accept(Lorg/gradle/internal/operations/BuildOperationDescriptor;)Lorg/gradle/tooling/inter

Classes redefined (0 events):
No events

Internal exceptions (10 events):
Event: 404.959 Thread 0x0000020252ffd800 Exception <a 'java/lang/NoSuchMethodError'{0x00000000eca1db48}: java.lang.invoke.DirectMethodHandle$Holder.invokeStaticInit(Ljava/lang/Object;Ljava/lang/Object;JLjava/lang/Object;)Ljava/lang/Object;> (0x00000000eca1db48) thrown at [t:/workspace/open/src/h
Event: 404.959 Thread 0x0000020252ffd800 Exception <a 'java/lang/NoSuchMethodError'{0x00000000eca23e58}: java.lang.invoke.DirectMethodHandle$Holder.invokeStatic(Ljava/lang/Object;Ljava/lang/Object;J)Ljava/lang/Object;> (0x00000000eca23e58) thrown at [t:/workspace/open/src/hotspot/share/interpret
Event: 404.960 Thread 0x0000020252ffd800 Exception <a 'java/lang/NoSuchMethodError'{0x00000000eca2a128}: java.lang.invoke.Invokers$Holder.linkToTargetMethod(Ljava/lang/Object;JLjava/lang/Object;)Ljava/lang/Object;> (0x00000000eca2a128) thrown at [t:/workspace/open/src/hotspot/share/interpreter/l
Event: 406.130 Thread 0x000002024c7ac000 Exception <a 'java/lang/reflect/InvocationTargetException'{0x00000000ecbdb100}> (0x00000000ecbdb100) thrown at [t:/workspace/open/src/hotspot/share/runtime/reflection.cpp, line 1242]
Event: 406.140 Thread 0x000002024fca1000 Exception <a 'java/lang/NoSuchMethodError'{0x00000000ec986020}: <clinit>> (0x00000000ec986020) thrown at [t:/workspace/open/src/hotspot/share/prims/jni.cpp, line 1364]
Event: 406.141 Thread 0x000002024fca1000 Exception <a 'java/lang/NoSuchMethodError'{0x00000000ec995520}: <clinit>> (0x00000000ec995520) thrown at [t:/workspace/open/src/hotspot/share/prims/jni.cpp, line 1364]
Event: 406.248 Thread 0x000002024fca4800 Implicit null exception at 0x0000020240b6c2ec to 0x0000020240b70dbe
Event: 406.322 Thread 0x000002024fca5000 Exception <a 'java/lang/NoSuchMethodError'{0x00000000ec4dc050}: <clinit>> (0x00000000ec4dc050) thrown at [t:/workspace/open/src/hotspot/share/prims/jni.cpp, line 1364]
Event: 406.323 Thread 0x000002024fca5000 Exception <a 'java/lang/NoSuchMethodError'{0x00000000ec4e6798}: <clinit>> (0x00000000ec4e6798) thrown at [t:/workspace/open/src/hotspot/share/prims/jni.cpp, line 1364]
Event: 515.270 Thread 0x000002024fca0000 Implicit null exception at 0x0000020240c98adb to 0x0000020240c98b72

Events (10 events):
Event: 515.252 Thread 0x000002024fca0000 Uncommon trap: trap_request=0xffffff4d fr.pc=0x0000020240c674a4 relative=0x0000000000000944
Event: 515.252 Thread 0x000002024fca0000 DEOPT PACKING pc=0x0000020240c674a4 sp=0x0000001eb33fb640
Event: 515.252 Thread 0x000002024fca0000 DEOPT UNPACKING pc=0x0000020238ab8329 sp=0x0000001eb33fb5e8 mode 2
Event: 515.270 Thread 0x000002024fca0000 Uncommon trap: trap_request=0xfffffff4 fr.pc=0x0000020240c98b7c relative=0x00000000000000dc
Event: 515.270 Thread 0x000002024fca0000 DEOPT PACKING pc=0x0000020240c98b7c sp=0x0000001eb33fb450
Event: 515.270 Thread 0x000002024fca0000 DEOPT UNPACKING pc=0x0000020238ab8329 sp=0x0000001eb33fb3d8 mode 2
Event: 515.274 Thread 0x000002024fca8800 Thread added: 0x000002024fca8800
Event: 515.281 Thread 0x000002024fca2800 Thread added: 0x000002024fca2800
Event: 515.288 Thread 0x000002024fca9000 Thread added: 0x000002024fca9000
Event: 515.373 Thread 0x000002024fca3800 Thread added: 0x000002024fca3800


Dynamic libraries:
0x00007ff61ff90000 - 0x00007ff61ffd5000 	C:\Program Files\java\jdk-11\bin\java.exe
0x00007ffeae490000 - 0x00007ffeae685000 	C:\Windows\SYSTEM32\ntdll.dll
0x00007ffead0e0000 - 0x00007ffead19e000 	C:\Windows\System32\KERNEL32.DLL
0x00007ffeabe10000 - 0x00007ffeac0d8000 	C:\Windows\System32\KERNELBASE.dll
0x00007ffead290000 - 0x00007ffead430000 	C:\Windows\System32\USER32.dll
0x00007ffeac230000 - 0x00007ffeac252000 	C:\Windows\System32\win32u.dll
0x00007ffeacb70000 - 0x00007ffeacb9a000 	C:\Windows\System32\GDI32.dll
0x00007ffeac300000 - 0x00007ffeac40b000 	C:\Windows\System32\gdi32full.dll
0x00007ffeac260000 - 0x00007ffeac2fd000 	C:\Windows\System32\msvcp_win.dll
0x00007ffeac0e0000 - 0x00007ffeac1e0000 	C:\Windows\System32\ucrtbase.dll
0x00007ffe9ed40000 - 0x00007ffe9efda000 	C:\Windows\WinSxS\amd64_microsoft.windows.common-controls_6595b64144ccf1df_6.0.19041.1110_none_60b5254171f9507e\COMCTL32.dll
0x00007ffeadc00000 - 0x00007ffeadc9e000 	C:\Windows\System32\msvcrt.dll
0x00007ffeac710000 - 0x00007ffeac740000 	C:\Windows\System32\IMM32.DLL
0x00007ffe921d0000 - 0x00007ffe921e6000 	C:\Program Files\java\jdk-11\bin\vcruntime140.dll
0x00007ffe7ac90000 - 0x00007ffe7ad3a000 	C:\Program Files\java\jdk-11\bin\msvcp140.dll
0x00007ffe72180000 - 0x00007ffe72cc1000 	C:\Program Files\java\jdk-11\bin\server\jvm.dll
0x00007ffeac840000 - 0x00007ffeac8ee000 	C:\Windows\System32\ADVAPI32.dll
0x00007ffeac7a0000 - 0x00007ffeac83c000 	C:\Windows\System32\sechost.dll
0x00007ffeae110000 - 0x00007ffeae235000 	C:\Windows\System32\RPCRT4.dll
0x00007ffeac4f0000 - 0x00007ffeac4f8000 	C:\Windows\System32\PSAPI.DLL
0x00007ffea9460000 - 0x00007ffea9469000 	C:\Windows\SYSTEM32\WSOCK32.dll
0x00007ffead1a0000 - 0x00007ffead20b000 	C:\Windows\System32\WS2_32.dll
0x00007ffea3700000 - 0x00007ffea3727000 	C:\Windows\SYSTEM32\WINMM.dll
0x00007ffea4660000 - 0x00007ffea466a000 	C:\Windows\SYSTEM32\VERSION.dll
0x00007ffea9ab0000 - 0x00007ffea9ac2000 	C:\Windows\SYSTEM32\kernel.appcore.dll
0x00007ffe8e300000 - 0x00007ffe8e311000 	C:\Program Files\java\jdk-11\bin\verify.dll
0x00007ffe99f50000 - 0x00007ffe9a134000 	C:\Windows\SYSTEM32\DBGHELP.DLL
0x00007ffea10a0000 - 0x00007ffea10cc000 	C:\Windows\SYSTEM32\dbgcore.DLL
0x00007ffeabd10000 - 0x00007ffeabd92000 	C:\Windows\System32\bcryptPrimitives.dll
0x00007ffe85380000 - 0x00007ffe853a8000 	C:\Program Files\java\jdk-11\bin\java.dll
0x00007ffe8e240000 - 0x00007ffe8e256000 	C:\Program Files\java\jdk-11\bin\zip.dll
0x00007ffe9f9b0000 - 0x00007ffe9f9ba000 	C:\Program Files\java\jdk-11\bin\jimage.dll
0x00007ffead4b0000 - 0x00007ffeadbf4000 	C:\Windows\System32\SHELL32.dll
0x00007ffea9cb0000 - 0x00007ffeaa444000 	C:\Windows\SYSTEM32\windows.storage.dll
0x00007ffeacc50000 - 0x00007ffeacfa4000 	C:\Windows\System32\combase.dll
0x00007ffeab470000 - 0x00007ffeab49c000 	C:\Windows\SYSTEM32\Wldp.dll
0x00007ffeac520000 - 0x00007ffeac5cd000 	C:\Windows\System32\SHCORE.dll
0x00007ffeac740000 - 0x00007ffeac795000 	C:\Windows\System32\shlwapi.dll
0x00007ffeabaf0000 - 0x00007ffeabb0f000 	C:\Windows\SYSTEM32\profapi.dll
0x00007ffe89200000 - 0x00007ffe89219000 	C:\Program Files\java\jdk-11\bin\net.dll
0x00007ffea3bf0000 - 0x00007ffea3cfa000 	C:\Windows\SYSTEM32\WINHTTP.dll
0x00007ffeab250000 - 0x00007ffeab2ba000 	C:\Windows\system32\mswsock.dll
0x00007ffe83120000 - 0x00007ffe83133000 	C:\Program Files\java\jdk-11\bin\nio.dll
0x00007ffe8e650000 - 0x00007ffe8e677000 	C:\Users\myrsa\.gradle\native\e1d6ef7f7dcc3fd88c89a11ec53ec762bb8ba0a96d01ffa2cd45eb1d1d8dd5c5\windows-amd64\native-platform.dll
0x00007ffe75440000 - 0x00007ffe75584000 	C:\Users\myrsa\.gradle\native\0d407fdbe67a94daf76414ababcb853783967236a71b16ec16e742cd7a986fd3\windows-amd64\native-platform-file-events.dll
0x00007ffe9f060000 - 0x00007ffe9f069000 	C:\Program Files\java\jdk-11\bin\management.dll
0x00007ffe99d30000 - 0x00007ffe99d3c000 	C:\Program Files\java\jdk-11\bin\management_ext.dll
0x00007ffeab510000 - 0x00007ffeab528000 	C:\Windows\SYSTEM32\CRYPTSP.dll
0x00007ffeaabf0000 - 0x00007ffeaac24000 	C:\Windows\system32\rsaenh.dll
0x00007ffeac4c0000 - 0x00007ffeac4e7000 	C:\Windows\System32\bcrypt.dll
0x00007ffeaba70000 - 0x00007ffeaba9e000 	C:\Windows\SYSTEM32\USERENV.dll
0x00007ffeab3e0000 - 0x00007ffeab3ec000 	C:\Windows\SYSTEM32\CRYPTBASE.dll
0x00007ffeaaf60000 - 0x00007ffeaaf9b000 	C:\Windows\SYSTEM32\IPHLPAPI.DLL
0x00007ffead4a0000 - 0x00007ffead4a8000 	C:\Windows\System32\NSI.dll
0x00007ffea51a0000 - 0x00007ffea51b7000 	C:\Windows\SYSTEM32\dhcpcsvc6.DLL
0x00007ffea4f50000 - 0x00007ffea4f6d000 	C:\Windows\SYSTEM32\dhcpcsvc.DLL
0x00007ffeaafa0000 - 0x00007ffeab06b000 	C:\Windows\SYSTEM32\DNSAPI.dll

dbghelp: loaded successfully - version: 4.0.5 - missing functions: none
symbol engine: initialized successfully - sym options: 0x614 - pdb path: .;C:\Program Files\java\jdk-11\bin;C:\Windows\SYSTEM32;C:\Windows\WinSxS\amd64_microsoft.windows.common-controls_6595b64144ccf1df_6.0.19041.1110_none_60b5254171f9507e;C:\Program Files\java\jdk-11\bin\server;C:\Users\myrsa\.gradle\native\e1d6ef7f7dcc3fd88c89a11ec53ec762bb8ba0a96d01ffa2cd45eb1d1d8dd5c5\windows-amd64;C:\Users\myrsa\.gradle\native\0d407fdbe67a94daf76414ababcb853783967236a71b16ec16e742cd7a986fd3\windows-amd64

VM Arguments:
jvm_args: --add-opens=java.base/java.util=ALL-UNNAMED --add-opens=java.base/java.lang=ALL-UNNAMED --add-opens=java.base/java.lang.invoke=ALL-UNNAMED --add-opens=java.base/java.util=ALL-UNNAMED --add-opens=java.prefs/java.util.prefs=ALL-UNNAMED --add-opens=java.prefs/java.util.prefs=ALL-UNNAMED --add-opens=java.base/java.nio.charset=ALL-UNNAMED --add-opens=java.base/java.net=ALL-UNNAMED --add-opens=java.base/java.util.concurrent.atomic=ALL-UNNAMED -XX:MaxMetaspaceSize=256m -XX:+HeapDumpOnOutOfMemoryError -Xms256m -Xmx512m -Dfile.encoding=UTF-8 -Duser.country=RU -Duser.language=ru -Duser.variant 
java_command: org.gradle.launcher.daemon.bootstrap.GradleDaemon 7.4.2
java_class_path (initial): C:\Gradle\gradle-7.4.2\lib\gradle-launcher-7.4.2.jar
Launcher Type: SUN_STANDARD

[Global flags]
     intx CICompilerCount                          = 3                                         {product} {ergonomic}
   size_t CompressedClassSpaceSize                 = 260046848                                 {product} {ergonomic}
     uint ConcGCThreads                            = 1                                         {product} {ergonomic}
     uint G1ConcRefinementThreads                  = 4                                         {product} {ergonomic}
   size_t G1HeapRegionSize                         = 1048576                                   {product} {ergonomic}
    uintx GCDrainStackTargetSize                   = 64                                        {product} {ergonomic}
     bool HeapDumpOnOutOfMemoryError               = true                                   {manageable} {command line}
   size_t InitialHeapSize                          = 268435456                                 {product} {command line}
   size_t MarkStackSize                            = 4194304                                   {product} {ergonomic}
   size_t MaxHeapSize                              = 536870912                                 {product} {command line}
   size_t MaxMetaspaceSize                         = 268435456                                 {product} {command line}
   size_t MaxNewSize                               = 321912832                                 {product} {ergonomic}
   size_t MinHeapDeltaBytes                        = 1048576                                   {product} {ergonomic}
    uintx NonNMethodCodeHeapSize                   = 5830092                                {pd product} {ergonomic}
    uintx NonProfiledCodeHeapSize                  = 122914074                              {pd product} {ergonomic}
    uintx ProfiledCodeHeapSize                     = 122914074                              {pd product} {ergonomic}
    uintx ReservedCodeCacheSize                    = 251658240                              {pd product} {ergonomic}
     bool SegmentedCodeCache                       = true                                      {product} {ergonomic}
     bool UseCompressedClassPointers               = true                                 {lp64_product} {ergonomic}
     bool UseCompressedOops                        = true                                 {lp64_product} {ergonomic}
     bool UseG1GC                                  = true                                      {product} {ergonomic}
     bool UseLargePagesIndividualAllocation        = false                                  {pd product} {ergonomic}

Logging:
Log output configuration:
 #0: stdout all=warning uptime,level,tags
 #1: stderr all=off uptime,level,tags

Environment Variables:
JAVA_HOME=C:\Program Files\java\jdk-11
PATH=C:\WinAVR-20100110\bin;C:\WinAVR-20100110\utils\bin;C:\Program Files\nodejs\;C:\Program Files\dotnet\;C:\Program Files (x86)\dotnet\;C:\Program Files\PuTTY\;C:\Program Files\Docker\Docker\resources\bin;C:\ProgramData\DockerDesktop\version-bin;C:\Program Files\Microsoft SQL Server\130\Tools\Binn\;C:\msys64\mingw64\bin;C:\Program Files\java\jdk-11\bin;C:\Gradle\gradle-7.4.2\bin;C:\Users\myrsa\AppData\Local\Programs\Python\Python39\Scripts\;C:\Users\myrsa\AppData\Local\Programs\Python\Python39\;C:\Users\myrsa\AppData\Local\Microsoft\WindowsApps;C:\Users\myrsa\.dotnet\tools;C:\Users\myrsa\AppData\Local\Programs\Microsoft VS Code\bin;C:\Program Files\Azure Data Studio\bin;C:\protoc\bin;C:\Users\myrsa\AppData\Roaming\npm;D:\Program Files\JetBrains\IntelliJ IDEA 2021.3.2\bin;;D:\Program Files\JetBrains\JetBrains Rider 2021.3.3\bin;;D:\Program Files\JetBrains\WebStorm 2021.3.2\bin;;D:\Program Files\JetBrains\PhpStorm 2021.3.2\bin;;D:\Program Files\JetBrains\PyCharm 2021.3.2\bin;
USERNAME=myrsa
OS=Windows_NT
PROCESSOR_IDENTIFIER=Intel64 Family 6 Model 158 Stepping 9, GenuineIntel



---------------  S Y S T E M  ---------------

OS: Windows 10 , 64 bit Build 19041 (10.0.19041.1645)

CPU:total 4 (initial active 4) (2 cores per cpu, 2 threads per core) family 6 model 158 stepping 9, cmov, cx8, fxsr, mmx, sse, sse2, sse3, ssse3, sse4.1, sse4.2, popcnt, aes, clmul, erms, 3dnowpref, lzcnt, ht, tsc, tscinvbit

Memory: 4k page, system-wide physical 15317M (314M free)
TotalPageFile size 33863M (AvailPageFile size 5M)
current process WorkingSet (physical memory assigned to process): 454M, peak: 479M
current process commit charge ("private bytes"): 498M, peak: 524M

vm_info: OpenJDK 64-Bit Server VM (11+28) for windows-amd64 JRE (11+28), built on Aug 23 2018 03:04:58 by "mach5one" with MS VC++ 15.5 (VS2017)

END.
